<?xml version="1.0" encoding="utf-8"?><testsuites name="pytest tests"><testsuite name="pytest" errors="0" failures="0" skipped="0" tests="26" time="1.504" timestamp="2026-01-04T01:36:11.400537+00:00" hostname="agent-env-d6982542-5195-4f69-8db8-2dbfd7756038"><testcase classname="tests.test_admin_api.TestAdminAPIAuthentication" name="test_admin_dashboard_requires_auth" time="0.095" /><testcase classname="tests.test_admin_api.TestAdminAPIAuthentication" name="test_admin_users_requires_auth" time="0.039" /><testcase classname="tests.test_admin_api.TestAdminAPIAuthentication" name="test_admin_role_change_requires_auth" time="0.037" /><testcase classname="tests.test_admin_api.TestAdminAPIAuthentication" name="test_admin_suspend_requires_auth" time="0.032" /><testcase classname="tests.test_admin_api.TestAdminAPIAuthentication" name="test_admin_restore_requires_auth" time="0.034" /><testcase classname="tests.test_admin_api.TestAdminAPIAuthentication" name="test_admin_delete_requires_auth" time="0.034" /><testcase classname="tests.test_admin_api.TestAdminAPIAuthentication" name="test_admin_analytics_requires_auth" time="0.038" /><testcase classname="tests.test_admin_api.TestAdminAPIAuthentication" name="test_admin_user_activity_requires_auth" time="0.073" /><testcase classname="tests.test_admin_api.TestPublicAPIEndpoints" name="test_health_check" time="0.038" /><testcase classname="tests.test_admin_api.TestPublicAPIEndpoints" name="test_certifications_public" time="0.033" /><testcase classname="tests.test_admin_api.TestPublicAPIEndpoints" name="test_auth_me_without_session" time="0.037" /><testcase classname="tests.test_admin_api.TestAdminAPIQueryParams" name="test_admin_users_with_search_param" time="0.079" /><testcase classname="tests.test_admin_api.TestAdminAPIQueryParams" name="test_admin_users_with_role_filter" time="0.074" /><testcase classname="tests.test_admin_api.TestAdminAPIQueryParams" name="test_admin_users_with_status_filter" time="0.076" /><testcase classname="tests.test_admin_api.TestAdminAPIQueryParams" name="test_admin_users_with_pagination" time="0.074" /><testcase classname="tests.test_admin_api.TestAdminAPIInvalidRequests" name="test_role_change_invalid_role" time="0.034" /><testcase classname="tests.test_admin_api.TestAdminAPIInvalidRequests" name="test_suspend_without_reason" time="0.037" /><testcase classname="tests.test_admin_api.TestExistingAPIEndpoints" name="test_get_certifications" time="0.032" /><testcase classname="tests.test_admin_api.TestExistingAPIEndpoints" name="test_get_certification_detail" time="0.064" /><testcase classname="tests.test_admin_api.TestExistingAPIEndpoints" name="test_get_labs_for_certification" time="0.071" /><testcase classname="tests.test_admin_api.TestExistingAPIEndpoints" name="test_get_assessments_for_certification" time="0.064" /><testcase classname="tests.test_admin_api.TestExistingAPIEndpoints" name="test_get_projects_for_certification" time="0.105" /><testcase classname="tests.test_admin_api.TestProtectedEndpoints" name="test_dashboard_requires_auth" time="0.033" /><testcase classname="tests.test_admin_api.TestProtectedEndpoints" name="test_lab_complete_requires_auth" time="0.074" /><testcase classname="tests.test_admin_api.TestProtectedEndpoints" name="test_assessment_submit_requires_auth" time="0.034" /><testcase classname="tests.test_admin_api.TestProtectedEndpoints" name="test_project_complete_requires_auth" time="0.032" /></testsuite></testsuites>