<?xml version="1.0" encoding="utf-8"?><testsuites name="pytest tests"><testsuite name="pytest" errors="0" failures="0" skipped="0" tests="32" time="1.351" timestamp="2026-01-04T01:54:48.790005+00:00" hostname="agent-env-d6982542-5195-4f69-8db8-2dbfd7756038"><testcase classname="tests.test_admin_content_api.TestAdminContentStatsAPI" name="test_content_stats_requires_auth" time="0.095" /><testcase classname="tests.test_admin_content_api.TestAdminCertificationsAPI" name="test_list_certifications_requires_auth" time="0.036" /><testcase classname="tests.test_admin_content_api.TestAdminCertificationsAPI" name="test_create_certification_requires_auth" time="0.036" /><testcase classname="tests.test_admin_content_api.TestAdminCertificationsAPI" name="test_update_certification_requires_auth" time="0.035" /><testcase classname="tests.test_admin_content_api.TestAdminCertificationsAPI" name="test_delete_certification_requires_auth" time="0.032" /><testcase classname="tests.test_admin_content_api.TestAdminLabsAPI" name="test_list_labs_requires_auth" time="0.032" /><testcase classname="tests.test_admin_content_api.TestAdminLabsAPI" name="test_list_labs_with_cert_filter_requires_auth" time="0.034" /><testcase classname="tests.test_admin_content_api.TestAdminLabsAPI" name="test_create_lab_requires_auth" time="0.037" /><testcase classname="tests.test_admin_content_api.TestAdminLabsAPI" name="test_update_lab_requires_auth" time="0.037" /><testcase classname="tests.test_admin_content_api.TestAdminLabsAPI" name="test_delete_lab_requires_auth" time="0.032" /><testcase classname="tests.test_admin_content_api.TestAdminAssessmentsAPI" name="test_list_assessments_requires_auth" time="0.031" /><testcase classname="tests.test_admin_content_api.TestAdminAssessmentsAPI" name="test_list_assessments_with_cert_filter_requires_auth" time="0.034" /><testcase classname="tests.test_admin_content_api.TestAdminAssessmentsAPI" name="test_create_assessment_requires_auth" time="0.034" /><testcase classname="tests.test_admin_content_api.TestAdminAssessmentsAPI" name="test_update_assessment_requires_auth" time="0.031" /><testcase classname="tests.test_admin_content_api.TestAdminAssessmentsAPI" name="test_delete_assessment_requires_auth" time="0.033" /><testcase classname="tests.test_admin_content_api.TestAdminProjectsAPI" name="test_list_projects_requires_auth" time="0.032" /><testcase classname="tests.test_admin_content_api.TestAdminProjectsAPI" name="test_list_projects_with_cert_filter_requires_auth" time="0.035" /><testcase classname="tests.test_admin_content_api.TestAdminProjectsAPI" name="test_create_project_requires_auth" time="0.034" /><testcase classname="tests.test_admin_content_api.TestAdminProjectsAPI" name="test_update_project_requires_auth" time="0.031" /><testcase classname="tests.test_admin_content_api.TestAdminProjectsAPI" name="test_delete_project_requires_auth" time="0.036" /><testcase classname="tests.test_admin_content_api.TestAdminContentReorderingAPI" name="test_reorder_certifications_requires_auth" time="0.033" /><testcase classname="tests.test_admin_content_api.TestAdminContentReorderingAPI" name="test_reorder_labs_requires_auth" time="0.032" /><testcase classname="tests.test_admin_content_api.TestAdminContentReorderingAPI" name="test_reorder_assessments_requires_auth" time="0.036" /><testcase classname="tests.test_admin_content_api.TestAdminContentReorderingAPI" name="test_reorder_projects_requires_auth" time="0.037" /><testcase classname="tests.test_admin_content_api.TestPublicContentEndpoints" name="test_public_certifications_accessible" time="0.036" /><testcase classname="tests.test_admin_content_api.TestPublicContentEndpoints" name="test_public_labs_for_certification" time="0.066" /><testcase classname="tests.test_admin_content_api.TestPublicContentEndpoints" name="test_public_assessments_for_certification" time="0.065" /><testcase classname="tests.test_admin_content_api.TestPublicContentEndpoints" name="test_public_projects_for_certification" time="0.063" /><testcase classname="tests.test_admin_content_api.TestAPIEndpointValidation" name="test_certification_not_found" time="0.031" /><testcase classname="tests.test_admin_content_api.TestAPIEndpointValidation" name="test_lab_not_found" time="0.032" /><testcase classname="tests.test_admin_content_api.TestAPIEndpointValidation" name="test_assessment_not_found" time="0.031" /><testcase classname="tests.test_admin_content_api.TestAPIEndpointValidation" name="test_project_not_found" time="0.032" /></testsuite></testsuites>