<?xml version="1.0" encoding="utf-8"?><testsuites name="pytest tests"><testsuite name="pytest" errors="0" failures="0" skipped="0" tests="32" time="1.329" timestamp="2026-01-04T03:52:46.960389+00:00" hostname="agent-env-d2ed7bf3-15ad-41cc-acb2-a3640f760502"><testcase classname="tests.test_billing_admin_api.TestBillingDashboard" name="test_dashboard_requires_auth" time="0.061" /><testcase classname="tests.test_billing_admin_api.TestBillingDashboard" name="test_dashboard_endpoint_exists" time="0.037" /><testcase classname="tests.test_billing_admin_api.TestPricingPlansCRUD" name="test_get_plans_requires_auth" time="0.034" /><testcase classname="tests.test_billing_admin_api.TestPricingPlansCRUD" name="test_get_single_plan_requires_auth" time="0.040" /><testcase classname="tests.test_billing_admin_api.TestPricingPlansCRUD" name="test_create_plan_requires_auth" time="0.033" /><testcase classname="tests.test_billing_admin_api.TestPricingPlansCRUD" name="test_update_plan_requires_auth" time="0.038" /><testcase classname="tests.test_billing_admin_api.TestPricingPlansCRUD" name="test_delete_plan_requires_auth" time="0.033" /><testcase classname="tests.test_billing_admin_api.TestPricingPlansCRUD" name="test_plans_endpoint_exists" time="0.034" /><testcase classname="tests.test_billing_admin_api.TestSeedPlans" name="test_seed_plans_requires_auth" time="0.035" /><testcase classname="tests.test_billing_admin_api.TestSeedPlans" name="test_seed_plans_endpoint_exists" time="0.039" /><testcase classname="tests.test_billing_admin_api.TestSubscriptionsManagement" name="test_get_subscriptions_requires_auth" time="0.033" /><testcase classname="tests.test_billing_admin_api.TestSubscriptionsManagement" name="test_get_subscriptions_with_filters_requires_auth" time="0.034" /><testcase classname="tests.test_billing_admin_api.TestSubscriptionsManagement" name="test_get_subscription_detail_requires_auth" time="0.038" /><testcase classname="tests.test_billing_admin_api.TestSubscriptionsManagement" name="test_update_subscription_requires_auth" time="0.030" /><testcase classname="tests.test_billing_admin_api.TestSubscriptionsManagement" name="test_extend_subscription_requires_auth" time="0.034" /><testcase classname="tests.test_billing_admin_api.TestSubscriptionsManagement" name="test_cancel_subscription_requires_auth" time="0.076" /><testcase classname="tests.test_billing_admin_api.TestSubscriptionsManagement" name="test_subscriptions_endpoint_exists" time="0.034" /><testcase classname="tests.test_billing_admin_api.TestTransactionsManagement" name="test_get_transactions_requires_auth" time="0.038" /><testcase classname="tests.test_billing_admin_api.TestTransactionsManagement" name="test_get_transactions_with_filters_requires_auth" time="0.030" /><testcase classname="tests.test_billing_admin_api.TestTransactionsManagement" name="test_get_transaction_detail_requires_auth" time="0.035" /><testcase classname="tests.test_billing_admin_api.TestTransactionsManagement" name="test_refund_transaction_requires_auth" time="0.035" /><testcase classname="tests.test_billing_admin_api.TestTransactionsManagement" name="test_transactions_endpoint_exists" time="0.034" /><testcase classname="tests.test_billing_admin_api.TestBillingAnalytics" name="test_analytics_requires_auth" time="0.031" /><testcase classname="tests.test_billing_admin_api.TestBillingAnalytics" name="test_analytics_with_params_requires_auth" time="0.033" /><testcase classname="tests.test_billing_admin_api.TestBillingAnalytics" name="test_analytics_endpoint_exists" time="0.033" /><testcase classname="tests.test_billing_admin_api.TestPublicPricingPlans" name="test_public_pricing_plans_accessible" time="0.034" /><testcase classname="tests.test_billing_admin_api.TestPublicPricingPlans" name="test_public_pricing_plans_returns_list" time="0.035" /><testcase classname="tests.test_billing_admin_api.TestAPIBasics" name="test_api_root_accessible" time="0.032" /><testcase classname="tests.test_billing_admin_api.TestAPIBasics" name="test_certifications_public_accessible" time="0.039" /><testcase classname="tests.test_billing_admin_api.TestNonExistentResources" name="test_get_nonexistent_plan" time="0.031" /><testcase classname="tests.test_billing_admin_api.TestNonExistentResources" name="test_get_nonexistent_subscription" time="0.073" /><testcase classname="tests.test_billing_admin_api.TestNonExistentResources" name="test_get_nonexistent_transaction" time="0.033" /></testsuite></testsuites>