<?xml version="1.0" encoding="utf-8"?><testsuites name="pytest tests"><testsuite name="pytest" errors="0" failures="0" skipped="0" tests="32" time="1.406" timestamp="2026-01-04T03:21:14.441913+00:00" hostname="agent-env-a36a1418-a3fd-4bfa-9a86-2bf8f9962ddd"><testcase classname="tests.test_exam_admin_api.TestExamAdminEndpointsAuth" name="test_question_bank_stats_requires_auth" time="0.096" /><testcase classname="tests.test_exam_admin_api.TestExamAdminEndpointsAuth" name="test_question_bank_list_requires_auth" time="0.075" /><testcase classname="tests.test_exam_admin_api.TestExamAdminEndpointsAuth" name="test_question_bank_list_with_filters_requires_auth" time="0.075" /><testcase classname="tests.test_exam_admin_api.TestExamAdminEndpointsAuth" name="test_question_bank_create_requires_auth" time="0.033" /><testcase classname="tests.test_exam_admin_api.TestExamAdminEndpointsAuth" name="test_question_bank_update_requires_auth" time="0.050" /><testcase classname="tests.test_exam_admin_api.TestExamAdminEndpointsAuth" name="test_question_bank_delete_requires_auth" time="0.031" /><testcase classname="tests.test_exam_admin_api.TestExamAdminEndpointsAuth" name="test_exam_stats_requires_auth" time="0.042" /><testcase classname="tests.test_exam_admin_api.TestExamAdminEndpointsAuth" name="test_exam_list_requires_auth" time="0.040" /><testcase classname="tests.test_exam_admin_api.TestExamAdminEndpointsAuth" name="test_exam_list_with_filters_requires_auth" time="0.031" /><testcase classname="tests.test_exam_admin_api.TestExamAdminEndpointsAuth" name="test_exam_create_requires_auth" time="0.037" /><testcase classname="tests.test_exam_admin_api.TestExamAdminEndpointsAuth" name="test_exam_update_requires_auth" time="0.038" /><testcase classname="tests.test_exam_admin_api.TestExamAdminEndpointsAuth" name="test_exam_delete_requires_auth" time="0.031" /><testcase classname="tests.test_exam_admin_api.TestExamAdminEndpointsAuth" name="test_certificate_templates_list_requires_auth" time="0.036" /><testcase classname="tests.test_exam_admin_api.TestExamAdminEndpointsAuth" name="test_certificate_template_create_requires_auth" time="0.035" /><testcase classname="tests.test_exam_admin_api.TestExamAdminEndpointsAuth" name="test_certificate_template_update_requires_auth" time="0.036" /><testcase classname="tests.test_exam_admin_api.TestExamAdminEndpointsAuth" name="test_certificate_template_delete_requires_auth" time="0.036" /><testcase classname="tests.test_exam_admin_api.TestExamAdminEndpointsAuth" name="test_issued_certificates_list_requires_auth" time="0.032" /><testcase classname="tests.test_exam_admin_api.TestExamAdminEndpointsAuth" name="test_issued_certificate_revoke_requires_auth" time="0.039" /><testcase classname="tests.test_exam_admin_api.TestExamAdminEndpointsExist" name="test_question_bank_stats_endpoint_exists" time="0.031" /><testcase classname="tests.test_exam_admin_api.TestExamAdminEndpointsExist" name="test_question_bank_list_endpoint_exists" time="0.037" /><testcase classname="tests.test_exam_admin_api.TestExamAdminEndpointsExist" name="test_exam_stats_endpoint_exists" time="0.036" /><testcase classname="tests.test_exam_admin_api.TestExamAdminEndpointsExist" name="test_exam_list_endpoint_exists" time="0.031" /><testcase classname="tests.test_exam_admin_api.TestExamAdminEndpointsExist" name="test_certificate_templates_endpoint_exists" time="0.031" /><testcase classname="tests.test_exam_admin_api.TestExamAdminEndpointsExist" name="test_issued_certificates_endpoint_exists" time="0.041" /><testcase classname="tests.test_exam_admin_api.TestPublicEndpoints" name="test_certifications_public_access" time="0.032" /><testcase classname="tests.test_exam_admin_api.TestPublicEndpoints" name="test_api_root_accessible" time="0.035" /><testcase classname="tests.test_exam_admin_api.TestExamAdminValidation" name="test_question_bank_get_nonexistent" time="0.034" /><testcase classname="tests.test_exam_admin_api.TestExamAdminValidation" name="test_exam_get_nonexistent" time="0.037" /><testcase classname="tests.test_exam_admin_api.TestExamAdminValidation" name="test_certificate_template_get_nonexistent" time="0.031" /><testcase classname="tests.test_exam_admin_api.TestExamAdminBulkOperations" name="test_bulk_import_questions_requires_auth" time="0.036" /><testcase classname="tests.test_exam_admin_api.TestExamAdminBulkOperations" name="test_add_questions_to_exam_requires_auth" time="0.035" /><testcase classname="tests.test_exam_admin_api.TestExamAdminBulkOperations" name="test_remove_questions_from_exam_requires_auth" time="0.036" /></testsuite></testsuites>