<?xml version="1.0" encoding="utf-8"?><testsuites name="pytest tests"><testsuite name="pytest" errors="0" failures="1" skipped="0" tests="29" time="1.206" timestamp="2026-01-04T02:16:08.889291+00:00" hostname="agent-env-4da7cb35-4c3e-4d07-8c78-a3c90926d868"><testcase classname="tests.test_lab_orchestration_api.TestLabOrchestrationAuthRequired" name="test_admin_dashboard_requires_auth" time="0.055" /><testcase classname="tests.test_lab_orchestration_api.TestLabOrchestrationAuthRequired" name="test_admin_instances_requires_auth" time="0.032" /><testcase classname="tests.test_lab_orchestration_api.TestLabOrchestrationAuthRequired" name="test_admin_instances_with_status_filter_requires_auth" time="0.036" /><testcase classname="tests.test_lab_orchestration_api.TestLabOrchestrationAuthRequired" name="test_admin_instances_with_provider_filter_requires_auth" time="0.039" /><testcase classname="tests.test_lab_orchestration_api.TestLabOrchestrationAuthRequired" name="test_admin_instance_action_requires_auth" time="0.035" /><testcase classname="tests.test_lab_orchestration_api.TestLabOrchestrationAuthRequired" name="test_admin_quotas_list_requires_auth" time="0.036" /><testcase classname="tests.test_lab_orchestration_api.TestLabOrchestrationAuthRequired" name="test_admin_quota_get_requires_auth" time="0.034" /><testcase classname="tests.test_lab_orchestration_api.TestLabOrchestrationAuthRequired" name="test_admin_quota_update_requires_auth" time="0.034" /><testcase classname="tests.test_lab_orchestration_api.TestLabOrchestrationAuthRequired" name="test_admin_quota_reset_requires_auth" time="0.033" /><testcase classname="tests.test_lab_orchestration_api.TestLabOrchestrationAuthRequired" name="test_admin_providers_list_requires_auth" time="0.038" /><testcase classname="tests.test_lab_orchestration_api.TestLabOrchestrationAuthRequired" name="test_admin_provider_toggle_requires_auth" time="0.037" /><testcase classname="tests.test_lab_orchestration_api.TestUserLabInstancesAuthRequired" name="test_user_lab_instances_list_requires_auth" time="0.031" /><testcase classname="tests.test_lab_orchestration_api.TestUserLabInstancesAuthRequired" name="test_user_create_lab_instance_requires_auth" time="0.071" /><testcase classname="tests.test_lab_orchestration_api.TestUserLabInstancesAuthRequired" name="test_user_lab_instance_action_requires_auth" time="0.033" /><testcase classname="tests.test_lab_orchestration_api.TestUserLabInstancesAuthRequired" name="test_user_get_lab_instance_requires_auth" time="0.037" /><testcase classname="tests.test_lab_orchestration_api.TestUserLabInstancesAuthRequired" name="test_user_my_quota_requires_auth" time="0.029" /><testcase classname="tests.test_lab_orchestration_api.TestAPIEndpointsExist" name="test_admin_dashboard_endpoint_exists" time="0.030" /><testcase classname="tests.test_lab_orchestration_api.TestAPIEndpointsExist" name="test_admin_instances_endpoint_exists" time="0.035" /><testcase classname="tests.test_lab_orchestration_api.TestAPIEndpointsExist" name="test_admin_quotas_endpoint_exists" time="0.031" /><testcase classname="tests.test_lab_orchestration_api.TestAPIEndpointsExist" name="test_admin_providers_endpoint_exists" time="0.032" /><testcase classname="tests.test_lab_orchestration_api.TestAPIEndpointsExist" name="test_user_lab_instances_endpoint_exists" time="0.049" /><testcase classname="tests.test_lab_orchestration_api.TestAPIEndpointsExist" name="test_user_my_quota_endpoint_exists" time="0.036" /><testcase classname="tests.test_lab_orchestration_api.TestPublicEndpoints" name="test_public_certifications" time="0.037" /><testcase classname="tests.test_lab_orchestration_api.TestPublicEndpoints" name="test_public_catalog_labs" time="0.037"><failure message="AssertionError: Expected list of labs&#10;assert False&#10; +  where False = isinstance({'filters': {'certifications': [{'cert_id': 'aws-saa-c03', 'name': 'Solutions Architect Associate', 'vendor': 'AWS'}, {'cert_id': 'aws-dev-c02', 'name': 'Developer Associate', 'vendor': 'AWS'}, {'cert_id': 'az-900', 'name': 'Azure Fundamentals', 'vendor': 'Azure'}, {'cert_id': 'az-104', 'name': 'Azure Administrator', 'vendor': 'Azure'}, {'cert_id': 'gcp-ace', 'name': 'Associate Cloud Engineer', 'vendor': 'GCP'}, {'cert_id': 'devops-pro', 'name': 'DevOps Professional', 'vendor': 'DevOps'}], 'difficulties': ['Beginner', 'Intermediate'], 'domains': ['Azure Architecture', 'Azure Management &amp; Governance', 'Configuring Access &amp; Security', 'Deploying &amp; Implementing', 'Design Cost-Optimized Architectures', 'Design High-Performing Architectures', ...], 'vendors': ['AWS', 'Azure', 'DevOps', 'GCP']}, 'labs': [{'cert_id': 'aws-saa-c03', 'certification_name': 'Solutions Architect Associate', 'description': 'Learn to deploy a highly available web application using EC2, ALB, and RDS across multiple availability zones.', 'difficulty': 'Intermediate', ...}, {'cert_id': 'aws-saa-c03', 'certification_name': 'Solutions Architect Associate', 'description': 'Build a serverless REST API using API Gateway, Lambda, and DynamoDB.', 'difficulty': 'Intermediate', ...}, {'cert_id': 'aws-saa-c03', 'certification_name': 'Solutions Architect Associate', 'description': 'Implement S3 bucket policies, encryption, and access logging for secure data storage.', 'difficulty': 'Beginner', ...}, {'cert_id': 'aws-saa-c03', 'certification_name': 'Solutions Architect Associate', 'description': 'Learn to analyze EC2 usage and implement cost-saving strategies.', 'difficulty': 'Intermediate', ...}, {'cert_id': 'aws-saa-c03', 'certification_name': 'Solutions Architect Associate', 'description': 'Set up CloudFront distribution for global content delivery with S3 origin.', 'difficulty': 'Intermediate', ...}, {'cert_id': 'az-900', 'certification_name': 'Azure Fundamentals', 'description': 'Deploy a Windows virtual machine in Azure and connect via RDP.', 'difficulty': 'Beginner', ...}, ...], 'limit': 12, 'page': 1, ...}, list)">tests/test_lab_orchestration_api.py:171: in test_public_catalog_labs
    assert isinstance(data, list), "Expected list of labs"
E   AssertionError: Expected list of labs
E   assert False
E    +  where False = isinstance({'filters': {'certifications': [{'cert_id': 'aws-saa-c03', 'name': 'Solutions Architect Associate', 'vendor': 'AWS'}, {'cert_id': 'aws-dev-c02', 'name': 'Developer Associate', 'vendor': 'AWS'}, {'cert_id': 'az-900', 'name': 'Azure Fundamentals', 'vendor': 'Azure'}, {'cert_id': 'az-104', 'name': 'Azure Administrator', 'vendor': 'Azure'}, {'cert_id': 'gcp-ace', 'name': 'Associate Cloud Engineer', 'vendor': 'GCP'}, {'cert_id': 'devops-pro', 'name': 'DevOps Professional', 'vendor': 'DevOps'}], 'difficulties': ['Beginner', 'Intermediate'], 'domains': ['Azure Architecture', 'Azure Management &amp; Governance', 'Configuring Access &amp; Security', 'Deploying &amp; Implementing', 'Design Cost-Optimized Architectures', 'Design High-Performing Architectures', ...], 'vendors': ['AWS', 'Azure', 'DevOps', 'GCP']}, 'labs': [{'cert_id': 'aws-saa-c03', 'certification_name': 'Solutions Architect Associate', 'description': 'Learn to deploy a highly available web application using EC2, ALB, and RDS across multiple availability zones.', 'difficulty': 'Intermediate', ...}, {'cert_id': 'aws-saa-c03', 'certification_name': 'Solutions Architect Associate', 'description': 'Build a serverless REST API using API Gateway, Lambda, and DynamoDB.', 'difficulty': 'Intermediate', ...}, {'cert_id': 'aws-saa-c03', 'certification_name': 'Solutions Architect Associate', 'description': 'Implement S3 bucket policies, encryption, and access logging for secure data storage.', 'difficulty': 'Beginner', ...}, {'cert_id': 'aws-saa-c03', 'certification_name': 'Solutions Architect Associate', 'description': 'Learn to analyze EC2 usage and implement cost-saving strategies.', 'difficulty': 'Intermediate', ...}, {'cert_id': 'aws-saa-c03', 'certification_name': 'Solutions Architect Associate', 'description': 'Set up CloudFront distribution for global content delivery with S3 origin.', 'difficulty': 'Intermediate', ...}, {'cert_id': 'az-900', 'certification_name': 'Azure Fundamentals', 'description': 'Deploy a Windows virtual machine in Azure and connect via RDP.', 'difficulty': 'Beginner', ...}, ...], 'limit': 12, 'page': 1, ...}, list)</failure></testcase><testcase classname="tests.test_lab_orchestration_api.TestInvalidInputs" name="test_admin_instance_action_invalid_instance" time="0.039" /><testcase classname="tests.test_lab_orchestration_api.TestInvalidInputs" name="test_admin_provider_toggle_invalid_provider" time="0.032" /><testcase classname="tests.test_lab_orchestration_api.TestInvalidInputs" name="test_user_instance_action_invalid_instance" time="0.034" /><testcase classname="tests.test_lab_orchestration_api.TestRequestValidation" name="test_create_lab_instance_missing_lab_id" time="0.087" /><testcase classname="tests.test_lab_orchestration_api.TestRequestValidation" name="test_instance_action_missing_action" time="0.033" /></testsuite></testsuites>