<?xml version="1.0" encoding="utf-8"?><testsuites name="pytest tests"><testsuite name="pytest" errors="0" failures="0" skipped="0" tests="29" time="1.277" timestamp="2026-01-04T02:16:21.403984+00:00" hostname="agent-env-4da7cb35-4c3e-4d07-8c78-a3c90926d868"><testcase classname="tests.test_lab_orchestration_api.TestLabOrchestrationAuthRequired" name="test_admin_dashboard_requires_auth" time="0.059" /><testcase classname="tests.test_lab_orchestration_api.TestLabOrchestrationAuthRequired" name="test_admin_instances_requires_auth" time="0.033" /><testcase classname="tests.test_lab_orchestration_api.TestLabOrchestrationAuthRequired" name="test_admin_instances_with_status_filter_requires_auth" time="0.036" /><testcase classname="tests.test_lab_orchestration_api.TestLabOrchestrationAuthRequired" name="test_admin_instances_with_provider_filter_requires_auth" time="0.080" /><testcase classname="tests.test_lab_orchestration_api.TestLabOrchestrationAuthRequired" name="test_admin_instance_action_requires_auth" time="0.033" /><testcase classname="tests.test_lab_orchestration_api.TestLabOrchestrationAuthRequired" name="test_admin_quotas_list_requires_auth" time="0.034" /><testcase classname="tests.test_lab_orchestration_api.TestLabOrchestrationAuthRequired" name="test_admin_quota_get_requires_auth" time="0.074" /><testcase classname="tests.test_lab_orchestration_api.TestLabOrchestrationAuthRequired" name="test_admin_quota_update_requires_auth" time="0.037" /><testcase classname="tests.test_lab_orchestration_api.TestLabOrchestrationAuthRequired" name="test_admin_quota_reset_requires_auth" time="0.031" /><testcase classname="tests.test_lab_orchestration_api.TestLabOrchestrationAuthRequired" name="test_admin_providers_list_requires_auth" time="0.036" /><testcase classname="tests.test_lab_orchestration_api.TestLabOrchestrationAuthRequired" name="test_admin_provider_toggle_requires_auth" time="0.032" /><testcase classname="tests.test_lab_orchestration_api.TestUserLabInstancesAuthRequired" name="test_user_lab_instances_list_requires_auth" time="0.073" /><testcase classname="tests.test_lab_orchestration_api.TestUserLabInstancesAuthRequired" name="test_user_create_lab_instance_requires_auth" time="0.073" /><testcase classname="tests.test_lab_orchestration_api.TestUserLabInstancesAuthRequired" name="test_user_lab_instance_action_requires_auth" time="0.034" /><testcase classname="tests.test_lab_orchestration_api.TestUserLabInstancesAuthRequired" name="test_user_get_lab_instance_requires_auth" time="0.033" /><testcase classname="tests.test_lab_orchestration_api.TestUserLabInstancesAuthRequired" name="test_user_my_quota_requires_auth" time="0.031" /><testcase classname="tests.test_lab_orchestration_api.TestAPIEndpointsExist" name="test_admin_dashboard_endpoint_exists" time="0.031" /><testcase classname="tests.test_lab_orchestration_api.TestAPIEndpointsExist" name="test_admin_instances_endpoint_exists" time="0.036" /><testcase classname="tests.test_lab_orchestration_api.TestAPIEndpointsExist" name="test_admin_quotas_endpoint_exists" time="0.040" /><testcase classname="tests.test_lab_orchestration_api.TestAPIEndpointsExist" name="test_admin_providers_endpoint_exists" time="0.035" /><testcase classname="tests.test_lab_orchestration_api.TestAPIEndpointsExist" name="test_user_lab_instances_endpoint_exists" time="0.035" /><testcase classname="tests.test_lab_orchestration_api.TestAPIEndpointsExist" name="test_user_my_quota_endpoint_exists" time="0.031" /><testcase classname="tests.test_lab_orchestration_api.TestPublicEndpoints" name="test_public_certifications" time="0.034" /><testcase classname="tests.test_lab_orchestration_api.TestPublicEndpoints" name="test_public_catalog_labs" time="0.038" /><testcase classname="tests.test_lab_orchestration_api.TestInvalidInputs" name="test_admin_instance_action_invalid_instance" time="0.032" /><testcase classname="tests.test_lab_orchestration_api.TestInvalidInputs" name="test_admin_provider_toggle_invalid_provider" time="0.033" /><testcase classname="tests.test_lab_orchestration_api.TestInvalidInputs" name="test_user_instance_action_invalid_instance" time="0.072" /><testcase classname="tests.test_lab_orchestration_api.TestRequestValidation" name="test_create_lab_instance_missing_lab_id" time="0.030" /><testcase classname="tests.test_lab_orchestration_api.TestRequestValidation" name="test_instance_action_missing_action" time="0.032" /></testsuite></testsuites>